# Logfile created on 2014-01-03 07:34:14 -0800 by logger.rb/41954
I, [2014-01-03T07:34:14.097921 #1624]  INFO -- : 0:  timers (1.1.0) from /Users/brittanmcginnis/.rvm/gems/ruby-2.0.0-p353/specifications/timers-1.1.0.gemspec
I, [2014-01-03T07:34:14.979292 #1624]  INFO -- : 0:  celluloid (0.15.2) from /Users/brittanmcginnis/.rvm/gems/ruby-2.0.0-p353/specifications/celluloid-0.15.2.gemspec
I, [2014-01-03T07:34:15.920511 #1624]  INFO -- : 0:  coderay (1.1.0) from /Users/brittanmcginnis/.rvm/gems/ruby-2.0.0-p353/specifications/coderay-1.1.0.gemspec
I, [2014-01-03T07:34:16.772851 #1624]  INFO -- : 0:  diff-lcs (1.2.5) from /Users/brittanmcginnis/.rvm/gems/ruby-2.0.0-p353/specifications/diff-lcs-1.2.5.gemspec
I, [2014-01-03T07:34:21.908528 #1624]  INFO -- : 0:  ffi (1.9.3) from /Users/brittanmcginnis/.rvm/gems/ruby-2.0.0-p353/specifications/ffi-1.9.3.gemspec
I, [2014-01-03T07:34:22.737823 #1624]  INFO -- : 0:  formatador (0.2.4) from /Users/brittanmcginnis/.rvm/gems/ruby-2.0.0-p353/specifications/formatador-0.2.4.gemspec
I, [2014-01-03T07:34:24.260640 #1624]  INFO -- : 0:  rb-fsevent (0.9.4) from /Users/brittanmcginnis/.rvm/gems/ruby-2.0.0-p353/specifications/rb-fsevent-0.9.4.gemspec
I, [2014-01-03T07:34:25.110803 #1624]  INFO -- : 0:  rb-inotify (0.9.3) from /Users/brittanmcginnis/.rvm/gems/ruby-2.0.0-p353/specifications/rb-inotify-0.9.3.gemspec
I, [2014-01-03T07:34:25.997799 #1624]  INFO -- : 0:  listen (2.4.0) from /Users/brittanmcginnis/.rvm/gems/ruby-2.0.0-p353/specifications/listen-2.4.0.gemspec
I, [2014-01-03T07:34:26.822408 #1624]  INFO -- : 0:  lumberjack (1.0.4) from /Users/brittanmcginnis/.rvm/gems/ruby-2.0.0-p353/specifications/lumberjack-1.0.4.gemspec
I, [2014-01-03T07:34:27.650852 #1624]  INFO -- : 0:  method_source (0.8.2) from /Users/brittanmcginnis/.rvm/gems/ruby-2.0.0-p353/specifications/method_source-0.8.2.gemspec
I, [2014-01-03T07:34:28.422741 #1624]  INFO -- : 0:  slop (3.4.7) from /Users/brittanmcginnis/.rvm/gems/ruby-2.0.0-p353/specifications/slop-3.4.7.gemspec
I, [2014-01-03T07:34:30.275493 #1624]  INFO -- : 0:  pry (0.9.12.4) from /Users/brittanmcginnis/.rvm/gems/ruby-2.0.0-p353/specifications/pry-0.9.12.4.gemspec
I, [2014-01-03T07:34:30.275742 #1624]  INFO -- : 0:  thor (0.18.1) from /Users/brittanmcginnis/.rvm/gems/ruby-2.0.0-p353/specifications/thor-0.18.1.gemspec
I, [2014-01-03T07:34:31.374102 #1624]  INFO -- : 0:  guard (2.2.5) from /Users/brittanmcginnis/.rvm/gems/ruby-2.0.0-p353/specifications/guard-2.2.5.gemspec
I, [2014-01-03T07:34:32.823259 #1624]  INFO -- : 0:  rspec-core (2.14.7) from /Users/brittanmcginnis/.rvm/gems/ruby-2.0.0-p353/specifications/rspec-core-2.14.7.gemspec
I, [2014-01-03T07:34:34.155341 #1624]  INFO -- : 0:  rspec-expectations (2.14.4) from /Users/brittanmcginnis/.rvm/gems/ruby-2.0.0-p353/specifications/rspec-expectations-2.14.4.gemspec
I, [2014-01-03T07:34:35.125039 #1624]  INFO -- : 0:  rspec-mocks (2.14.4) from /Users/brittanmcginnis/.rvm/gems/ruby-2.0.0-p353/specifications/rspec-mocks-2.14.4.gemspec
I, [2014-01-03T07:34:36.112259 #1624]  INFO -- : 0:  rspec (2.14.1) from /Users/brittanmcginnis/.rvm/gems/ruby-2.0.0-p353/specifications/rspec-2.14.1.gemspec
I, [2014-01-03T07:34:36.958823 #1624]  INFO -- : 0:  guard-rspec (4.2.3) from /Users/brittanmcginnis/.rvm/gems/ruby-2.0.0-p353/specifications/guard-rspec-4.2.3.gemspec
I, [2014-01-03T07:34:39.743713 #1624]  INFO -- : 0:  terminal-notifier-guard (1.5.3) from /Users/brittanmcginnis/.rvm/gems/ruby-2.0.0-p353/specifications/terminal-notifier-guard-1.5.3.gemspec
I, [2014-01-03T07:34:39.743962 #1624]  INFO -- : 0:  bundler (1.5.1) from /Users/brittanmcginnis/.rvm/gems/ruby-2.0.0-p353@global/specifications/bundler-1.5.1.gemspec
I, [2014-01-10T06:34:02.147017 #1400]  INFO -- : 0:  timers (1.1.0) from /Users/brittanmcginnis/.rvm/gems/ruby-2.0.0-p353/specifications/timers-1.1.0.gemspec
I, [2014-01-10T06:34:02.147854 #1400]  INFO -- : 0:  celluloid (0.15.2) from /Users/brittanmcginnis/.rvm/gems/ruby-2.0.0-p353/specifications/celluloid-0.15.2.gemspec
I, [2014-01-10T06:34:02.148097 #1400]  INFO -- : 0:  coderay (1.1.0) from /Users/brittanmcginnis/.rvm/gems/ruby-2.0.0-p353/specifications/coderay-1.1.0.gemspec
I, [2014-01-10T06:34:02.148327 #1400]  INFO -- : 0:  diff-lcs (1.2.5) from /Users/brittanmcginnis/.rvm/gems/ruby-2.0.0-p353/specifications/diff-lcs-1.2.5.gemspec
I, [2014-01-10T06:34:02.148533 #1400]  INFO -- : 0:  ffi (1.9.3) from /Users/brittanmcginnis/.rvm/gems/ruby-2.0.0-p353/specifications/ffi-1.9.3.gemspec
I, [2014-01-10T06:34:02.148734 #1400]  INFO -- : 0:  formatador (0.2.4) from /Users/brittanmcginnis/.rvm/gems/ruby-2.0.0-p353/specifications/formatador-0.2.4.gemspec
I, [2014-01-10T06:34:02.148946 #1400]  INFO -- : 0:  rb-fsevent (0.9.4) from /Users/brittanmcginnis/.rvm/gems/ruby-2.0.0-p353/specifications/rb-fsevent-0.9.4.gemspec
I, [2014-01-10T06:34:02.149133 #1400]  INFO -- : 0:  rb-inotify (0.9.3) from /Users/brittanmcginnis/.rvm/gems/ruby-2.0.0-p353/specifications/rb-inotify-0.9.3.gemspec
I, [2014-01-10T06:34:02.149323 #1400]  INFO -- : 0:  listen (2.4.0) from /Users/brittanmcginnis/.rvm/gems/ruby-2.0.0-p353/specifications/listen-2.4.0.gemspec
I, [2014-01-10T06:34:02.149501 #1400]  INFO -- : 0:  lumberjack (1.0.4) from /Users/brittanmcginnis/.rvm/gems/ruby-2.0.0-p353/specifications/lumberjack-1.0.4.gemspec
I, [2014-01-10T06:34:02.149680 #1400]  INFO -- : 0:  method_source (0.8.2) from /Users/brittanmcginnis/.rvm/gems/ruby-2.0.0-p353/specifications/method_source-0.8.2.gemspec
I, [2014-01-10T06:34:02.149860 #1400]  INFO -- : 0:  slop (3.4.7) from /Users/brittanmcginnis/.rvm/gems/ruby-2.0.0-p353/specifications/slop-3.4.7.gemspec
I, [2014-01-10T06:34:02.150038 #1400]  INFO -- : 0:  pry (0.9.12.4) from /Users/brittanmcginnis/.rvm/gems/ruby-2.0.0-p353/specifications/pry-0.9.12.4.gemspec
I, [2014-01-10T06:34:02.150216 #1400]  INFO -- : 0:  thor (0.18.1) from /Users/brittanmcginnis/.rvm/gems/ruby-2.0.0-p353/specifications/thor-0.18.1.gemspec
I, [2014-01-10T06:34:02.150393 #1400]  INFO -- : 0:  guard (2.2.5) from /Users/brittanmcginnis/.rvm/gems/ruby-2.0.0-p353/specifications/guard-2.2.5.gemspec
I, [2014-01-10T06:34:02.150569 #1400]  INFO -- : 0:  rspec-core (2.14.7) from /Users/brittanmcginnis/.rvm/gems/ruby-2.0.0-p353/specifications/rspec-core-2.14.7.gemspec
I, [2014-01-10T06:34:02.150750 #1400]  INFO -- : 0:  rspec-expectations (2.14.4) from /Users/brittanmcginnis/.rvm/gems/ruby-2.0.0-p353/specifications/rspec-expectations-2.14.4.gemspec
I, [2014-01-10T06:34:02.150929 #1400]  INFO -- : 0:  rspec-mocks (2.14.4) from /Users/brittanmcginnis/.rvm/gems/ruby-2.0.0-p353/specifications/rspec-mocks-2.14.4.gemspec
I, [2014-01-10T06:34:02.151103 #1400]  INFO -- : 0:  rspec (2.14.1) from /Users/brittanmcginnis/.rvm/gems/ruby-2.0.0-p353/specifications/rspec-2.14.1.gemspec
I, [2014-01-10T06:34:02.151284 #1400]  INFO -- : 0:  guard-rspec (4.2.3) from /Users/brittanmcginnis/.rvm/gems/ruby-2.0.0-p353/specifications/guard-rspec-4.2.3.gemspec
I, [2014-01-10T06:34:02.151463 #1400]  INFO -- : 0:  terminal-notifier-guard (1.5.3) from /Users/brittanmcginnis/.rvm/gems/ruby-2.0.0-p353/specifications/terminal-notifier-guard-1.5.3.gemspec
I, [2014-01-10T06:34:02.151636 #1400]  INFO -- : 0:  bundler (1.5.1) from /Users/brittanmcginnis/.rvm/gems/ruby-2.0.0-p353@global/specifications/bundler-1.5.1.gemspec
